<?xml version="1.0" encoding="UTF-8"?>
<!-- Generated by org.testng.reporters.JUnitReportReporter -->
<testsuite hostname="DESKTOP-N8RKOOP" failures="0" tests="1" name="com.MMT.runner.HomeTest" time="53.218" errors="0" timestamp="2021-09-08T18:03:01 IST" skipped="0">
  <testcase classname="com.MMT.runner.HomeTest" name="homepage" time="53.218"/>
  <system-out/>
</testsuite> <!-- com.MMT.runner.HomeTest -->
